{"@timestamp":"2025-06-12T18:06:03.707+08:00","caller":"aserver/server.go:32","content":"job running JJJJ","level":"info","server":"dddddd"}
{"@timestamp":"2025-06-12T18:06:03.707+08:00","caller":"aserver/server.go:33","content":"report ...","level":"info","report":true,"server":"dddddd"}
{"@timestamp":"2025-06-12T18:06:04.707+08:00","caller":"aserver/server.go:32","content":"job running JJJJ","level":"info","server":"dddddd"}
{"@timestamp":"2025-06-12T18:06:04.707+08:00","caller":"aserver/server.go:33","content":"report ...","level":"info","report":true,"server":"dddddd"}
{"@timestamp":"2025-06-12T18:06:05.708+08:00","caller":"aserver/server.go:32","content":"job running JJJJ","level":"info","server":"dddddd"}
{"@timestamp":"2025-06-12T18:06:05.708+08:00","caller":"aserver/server.go:33","content":"report ...","level":"info","report":true,"server":"dddddd"}
{"@timestamp":"2025-06-12T18:06:06.709+08:00","caller":"aserver/server.go:32","content":"job running JJJJ","level":"info","server":"dddddd"}
{"@timestamp":"2025-06-12T18:06:06.709+08:00","caller":"aserver/server.go:33","content":"report ...","level":"info","report":true,"server":"dddddd"}
{"@timestamp":"2025-06-12T18:06:07.709+08:00","caller":"aserver/server.go:32","content":"job running JJJJ","level":"info","server":"dddddd"}
{"@timestamp":"2025-06-12T18:06:07.709+08:00","caller":"aserver/server.go:33","content":"report ...","level":"info","report":true,"server":"dddddd"}
{"@timestamp":"2025-06-12T18:06:08.710+08:00","caller":"aserver/server.go:32","content":"job running JJJJ","level":"info","server":"dddddd"}
{"@timestamp":"2025-06-12T18:06:08.710+08:00","caller":"aserver/server.go:33","content":"report ...","level":"info","report":true,"server":"dddddd"}
{"@timestamp":"2025-06-12T18:06:09.711+08:00","caller":"aserver/server.go:32","content":"job running JJJJ","level":"info","server":"dddddd"}
{"@timestamp":"2025-06-12T18:06:09.711+08:00","caller":"aserver/server.go:33","content":"report ...","level":"info","report":true,"server":"dddddd"}
{"@timestamp":"2025-06-12T18:06:10.712+08:00","caller":"aserver/server.go:32","content":"job running JJJJ","level":"info","server":"dddddd"}
{"@timestamp":"2025-06-12T18:06:10.712+08:00","caller":"aserver/server.go:33","content":"report ...","level":"info","report":true,"server":"dddddd"}
{"@timestamp":"2025-06-12T18:06:11.715+08:00","caller":"aserver/server.go:32","content":"job running JJJJ","level":"info","server":"dddddd"}
{"@timestamp":"2025-06-12T18:06:11.715+08:00","caller":"aserver/server.go:33","content":"report ...","level":"info","report":true,"server":"dddddd"}
{"@timestamp":"2025-06-12T18:06:12.717+08:00","caller":"aserver/server.go:32","content":"job running JJJJ","level":"info","server":"dddddd"}
{"@timestamp":"2025-06-12T18:06:12.717+08:00","caller":"aserver/server.go:33","content":"report ...","level":"info","report":true,"server":"dddddd"}
{"@timestamp":"2025-06-12T18:06:13.719+08:00","caller":"aserver/server.go:32","content":"job running JJJJ","level":"info","server":"dddddd"}
{"@timestamp":"2025-06-12T18:06:13.719+08:00","caller":"aserver/server.go:33","content":"report ...","level":"info","report":true,"server":"dddddd"}
{"@timestamp":"2025-06-12T18:06:14.719+08:00","caller":"aserver/server.go:32","content":"job running JJJJ","level":"info","server":"dddddd"}
{"@timestamp":"2025-06-12T18:06:14.720+08:00","caller":"aserver/server.go:33","content":"report ...","level":"info","report":true,"server":"dddddd"}
{"@timestamp":"2025-06-12T18:06:15.722+08:00","caller":"aserver/server.go:32","content":"job running JJJJ","level":"info","server":"dddddd"}
{"@timestamp":"2025-06-12T18:06:15.722+08:00","caller":"aserver/server.go:33","content":"report ...","level":"info","report":true,"server":"dddddd"}
{"@timestamp":"2025-06-12T18:06:16.724+08:00","caller":"aserver/server.go:32","content":"job running JJJJ","level":"info","server":"dddddd"}
{"@timestamp":"2025-06-12T18:06:16.724+08:00","caller":"aserver/server.go:33","content":"report ...","level":"info","report":true,"server":"dddddd"}
{"@timestamp":"2025-06-12T18:06:17.099+08:00","caller":"proc/shutdown.go:84","content":"Got signal 2, shutting down...","level":"info","server":"dddddd"}
{"@timestamp":"2025-06-12T18:06:17.100+08:00","caller":"aserver/server.go:55","content":"shutdown called","level":"info","server":"dddddd"}
{"@timestamp":"2025-06-13T10:10:23.333+08:00","caller":"aserver/server.go:73","content":"A Service","level":"info","server":"dddddd"}
{"@timestamp":"2025-06-13T10:10:23.333+08:00","caller":"aserver/server.go:86","content":"B Service","level":"info","server":"dddddd"}
{"@timestamp":"2025-06-13T10:10:24.335+08:00","caller":"aserver/server.go:73","content":"A Service","level":"info","server":"dddddd"}
{"@timestamp":"2025-06-13T10:10:24.335+08:00","caller":"aserver/server.go:86","content":"B Service","level":"info","server":"dddddd"}
{"@timestamp":"2025-06-13T10:10:25.335+08:00","caller":"aserver/server.go:73","content":"A Service","level":"info","server":"dddddd"}
{"@timestamp":"2025-06-13T10:10:25.335+08:00","caller":"aserver/server.go:86","content":"B Service","level":"info","server":"dddddd"}
{"@timestamp":"2025-06-13T10:10:26.336+08:00","caller":"aserver/server.go:86","content":"B Service","level":"info","server":"dddddd"}
{"@timestamp":"2025-06-13T10:10:26.336+08:00","caller":"aserver/server.go:73","content":"A Service","level":"info","server":"dddddd"}
{"@timestamp":"2025-06-13T10:10:27.336+08:00","caller":"aserver/server.go:73","content":"A Service","level":"info","server":"dddddd"}
{"@timestamp":"2025-06-13T10:10:27.336+08:00","caller":"aserver/server.go:86","content":"B Service","level":"info","server":"dddddd"}
{"@timestamp":"2025-06-13T10:10:28.337+08:00","caller":"aserver/server.go:86","content":"B Service","level":"info","server":"dddddd"}
{"@timestamp":"2025-06-13T10:10:28.337+08:00","caller":"aserver/server.go:73","content":"A Service","level":"info","server":"dddddd"}
{"@timestamp":"2025-06-13T10:10:28.835+08:00","caller":"proc/shutdown.go:84","content":"Got signal 2, shutting down...","level":"info","server":"dddddd"}
{"@timestamp":"2025-06-13T10:10:29.338+08:00","caller":"aserver/server.go:73","content":"A Service","level":"info","server":"dddddd"}
{"@timestamp":"2025-06-13T10:10:29.338+08:00","caller":"aserver/server.go:86","content":"B Service","level":"info","server":"dddddd"}
